<?xml version="1.0" encoding="UTF-8"?>
<testsuite name="com.hayeon.book.springboot.web.PostsApiControllerTest" tests="2" skipped="0" failures="0" errors="0" timestamp="2025-02-05T12:54:02" hostname="DESKTOP-VBB1J8N" time="0.58">
  <properties/>
  <testcase name="Posts_등록된다" classname="com.hayeon.book.springboot.web.PostsApiControllerTest" time="0.549"/>
  <testcase name="Posts_수정된다" classname="com.hayeon.book.springboot.web.PostsApiControllerTest" time="0.029"/>
  <system-out><![CDATA[21:53:54.344 [Test worker] DEBUG org.springframework.test.context.junit4.SpringJUnit4ClassRunner - SpringJUnit4ClassRunner constructor called with [class com.hayeon.book.springboot.web.PostsApiControllerTest]
21:53:54.376 [Test worker] DEBUG org.springframework.test.context.BootstrapUtils - Instantiating CacheAwareContextLoaderDelegate from class [org.springframework.test.context.cache.DefaultCacheAwareContextLoaderDelegate]
21:53:54.393 [Test worker] DEBUG org.springframework.test.context.BootstrapUtils - Instantiating BootstrapContext using constructor [public org.springframework.test.context.support.DefaultBootstrapContext(java.lang.Class,org.springframework.test.context.CacheAwareContextLoaderDelegate)]
21:53:54.495 [Test worker] DEBUG org.springframework.test.context.BootstrapUtils - Instantiating TestContextBootstrapper for test class [com.hayeon.book.springboot.web.PostsApiControllerTest] from class [org.springframework.boot.test.context.SpringBootTestContextBootstrapper]
21:53:54.517 [Test worker] INFO org.springframework.boot.test.context.SpringBootTestContextBootstrapper - Neither @ContextConfiguration nor @ContextHierarchy found for test class [com.hayeon.book.springboot.web.PostsApiControllerTest], using SpringBootContextLoader
21:53:54.527 [Test worker] DEBUG org.springframework.test.context.support.AbstractContextLoader - Did not detect default resource location for test class [com.hayeon.book.springboot.web.PostsApiControllerTest]: class path resource [com/hayeon/book/springboot/web/PostsApiControllerTest-context.xml] does not exist
21:53:54.529 [Test worker] DEBUG org.springframework.test.context.support.AbstractContextLoader - Did not detect default resource location for test class [com.hayeon.book.springboot.web.PostsApiControllerTest]: class path resource [com/hayeon/book/springboot/web/PostsApiControllerTestContext.groovy] does not exist
21:53:54.529 [Test worker] INFO org.springframework.test.context.support.AbstractContextLoader - Could not detect default resource locations for test class [com.hayeon.book.springboot.web.PostsApiControllerTest]: no resource found for suffixes {-context.xml, Context.groovy}.
21:53:54.532 [Test worker] INFO org.springframework.test.context.support.AnnotationConfigContextLoaderUtils - Could not detect default configuration classes for test class [com.hayeon.book.springboot.web.PostsApiControllerTest]: PostsApiControllerTest does not declare any static, non-private, non-final, nested classes annotated with @Configuration.
21:53:54.645 [Test worker] DEBUG org.springframework.test.context.support.ActiveProfilesUtils - Could not find an 'annotation declaring class' for annotation type [org.springframework.test.context.ActiveProfiles] and class [com.hayeon.book.springboot.web.PostsApiControllerTest]
21:53:54.765 [Test worker] DEBUG org.springframework.context.annotation.ClassPathScanningCandidateComponentProvider - Identified candidate component class: file [C:\IntelliJ\freelec-springboot2-webservice\build\classes\java\main\com\hayeon\book\springboot\Application.class]
21:53:54.767 [Test worker] INFO org.springframework.boot.test.context.SpringBootTestContextBootstrapper - Found @SpringBootConfiguration com.hayeon.book.springboot.Application for test class com.hayeon.book.springboot.web.PostsApiControllerTest
21:53:54.996 [Test worker] DEBUG org.springframework.boot.test.context.SpringBootTestContextBootstrapper - @TestExecutionListeners is not present for class [com.hayeon.book.springboot.web.PostsApiControllerTest]: using defaults.
21:53:54.997 [Test worker] INFO org.springframework.boot.test.context.SpringBootTestContextBootstrapper - Loaded default TestExecutionListener class names from location [META-INF/spring.factories]: [org.springframework.security.test.context.support.WithSecurityContextTestExecutionListener, org.springframework.security.test.context.support.ReactorContextTestExecutionListener, org.springframework.boot.test.autoconfigure.restdocs.RestDocsTestExecutionListener, org.springframework.boot.test.autoconfigure.web.client.MockRestServiceServerResetTestExecutionListener, org.springframework.boot.test.autoconfigure.web.servlet.MockMvcPrintOnlyOnFailureTestExecutionListener, org.springframework.boot.test.autoconfigure.web.servlet.WebDriverTestExecutionListener, org.springframework.boot.test.autoconfigure.webservices.client.MockWebServiceServerTestExecutionListener, org.springframework.boot.test.mock.mockito.MockitoTestExecutionListener, org.springframework.boot.test.mock.mockito.ResetMocksTestExecutionListener, org.springframework.test.context.web.ServletTestExecutionListener, org.springframework.test.context.support.DirtiesContextBeforeModesTestExecutionListener, org.springframework.test.context.event.ApplicationEventsTestExecutionListener, org.springframework.test.context.support.DependencyInjectionTestExecutionListener, org.springframework.test.context.support.DirtiesContextTestExecutionListener, org.springframework.test.context.transaction.TransactionalTestExecutionListener, org.springframework.test.context.jdbc.SqlScriptsTestExecutionListener, org.springframework.test.context.event.EventPublishingTestExecutionListener]
21:53:55.017 [Test worker] INFO org.springframework.boot.test.context.SpringBootTestContextBootstrapper - Using TestExecutionListeners: [org.springframework.test.context.web.ServletTestExecutionListener@19ae6bb, org.springframework.test.context.support.DirtiesContextBeforeModesTestExecutionListener@10993713, org.springframework.test.context.event.ApplicationEventsTestExecutionListener@58359ebd, org.springframework.boot.test.mock.mockito.MockitoTestExecutionListener@24b6b8f6, org.springframework.boot.test.autoconfigure.SpringBootDependencyInjectionTestExecutionListener@72cf2de5, org.springframework.test.context.support.DirtiesContextTestExecutionListener@2bb7bd00, org.springframework.test.context.transaction.TransactionalTestExecutionListener@5f031ebd, org.springframework.test.context.jdbc.SqlScriptsTestExecutionListener@4ee37ca3, org.springframework.security.test.context.support.WithSecurityContextTestExecutionListener@45c8d09f, org.springframework.test.context.event.EventPublishingTestExecutionListener@53812a9b, org.springframework.security.test.context.support.ReactorContextTestExecutionListener@14b030a0, org.springframework.boot.test.autoconfigure.restdocs.RestDocsTestExecutionListener@41e350f1, org.springframework.boot.test.autoconfigure.web.client.MockRestServiceServerResetTestExecutionListener@422c3c7a, org.springframework.boot.test.autoconfigure.web.servlet.MockMvcPrintOnlyOnFailureTestExecutionListener@18230356, org.springframework.boot.test.autoconfigure.web.servlet.WebDriverTestExecutionListener@d8305c2, org.springframework.boot.test.autoconfigure.webservices.client.MockWebServiceServerTestExecutionListener@56bca85b, org.springframework.boot.test.mock.mockito.ResetMocksTestExecutionListener@75d0911a]
21:53:55.022 [Test worker] DEBUG org.springframework.test.annotation.ProfileValueUtils - Retrieved @ProfileValueSourceConfiguration [null] for test class [com.hayeon.book.springboot.web.PostsApiControllerTest]
21:53:55.023 [Test worker] DEBUG org.springframework.test.annotation.ProfileValueUtils - Retrieved ProfileValueSource type [class org.springframework.test.annotation.SystemProfileValueSource] for class [com.hayeon.book.springboot.web.PostsApiControllerTest]
21:53:55.023 [Test worker] DEBUG org.springframework.test.annotation.ProfileValueUtils - Retrieved @ProfileValueSourceConfiguration [null] for test class [com.hayeon.book.springboot.web.PostsApiControllerTest]
21:53:55.023 [Test worker] DEBUG org.springframework.test.annotation.ProfileValueUtils - Retrieved ProfileValueSource type [class org.springframework.test.annotation.SystemProfileValueSource] for class [com.hayeon.book.springboot.web.PostsApiControllerTest]
21:53:55.028 [Test worker] DEBUG org.springframework.test.context.support.AbstractDirtiesContextTestExecutionListener - Before test class: context [DefaultTestContext@61884cb1 testClass = PostsApiControllerTest, testInstance = [null], testMethod = [null], testException = [null], mergedContextConfiguration = [WebMergedContextConfiguration@75ed9710 testClass = PostsApiControllerTest, locations = '{}', classes = '{class com.hayeon.book.springboot.Application}', contextInitializerClasses = '[]', activeProfiles = '{}', propertySourceLocations = '{}', propertySourceProperties = '{org.springframework.boot.test.context.SpringBootTestContextBootstrapper=true, server.port=0}', contextCustomizers = set[org.springframework.boot.test.autoconfigure.actuate.metrics.MetricsExportContextCustomizerFactory$DisableMetricExportContextCustomizer@34f6515b, org.springframework.boot.test.autoconfigure.properties.PropertyMappingContextCustomizer@0, org.springframework.boot.test.autoconfigure.web.servlet.WebDriverContextCustomizerFactory$Customizer@2a225dd7, org.springframework.boot.test.context.filter.ExcludeFilterContextCustomizer@616ac46a, org.springframework.boot.test.json.DuplicateJsonObjectContextCustomizerFactory$DuplicateJsonObjectContextCustomizer@6337c201, org.springframework.boot.test.mock.mockito.MockitoContextCustomizer@0, org.springframework.boot.test.web.client.TestRestTemplateContextCustomizer@4e31276e, org.springframework.boot.test.context.SpringBootTestArgs@1, org.springframework.boot.test.context.SpringBootTestWebEnvironment@68746f22], resourceBasePath = 'src/main/webapp', contextLoader = 'org.springframework.boot.test.context.SpringBootContextLoader', parent = [null]], attributes = map['org.springframework.test.context.web.ServletTestExecutionListener.activateListener' -> false]], class annotated with @DirtiesContext [false] with mode [null].
21:53:55.031 [Test worker] DEBUG org.springframework.test.annotation.ProfileValueUtils - Retrieved @ProfileValueSourceConfiguration [null] for test class [com.hayeon.book.springboot.web.PostsApiControllerTest]
21:53:55.031 [Test worker] DEBUG org.springframework.test.annotation.ProfileValueUtils - Retrieved ProfileValueSource type [class org.springframework.test.annotation.SystemProfileValueSource] for class [com.hayeon.book.springboot.web.PostsApiControllerTest]
21:53:55.036 [Test worker] DEBUG org.springframework.test.context.support.DependencyInjectionTestExecutionListener - Performing dependency injection for test context [[DefaultTestContext@61884cb1 testClass = PostsApiControllerTest, testInstance = com.hayeon.book.springboot.web.PostsApiControllerTest@388ba540, testMethod = [null], testException = [null], mergedContextConfiguration = [WebMergedContextConfiguration@75ed9710 testClass = PostsApiControllerTest, locations = '{}', classes = '{class com.hayeon.book.springboot.Application}', contextInitializerClasses = '[]', activeProfiles = '{}', propertySourceLocations = '{}', propertySourceProperties = '{org.springframework.boot.test.context.SpringBootTestContextBootstrapper=true, server.port=0}', contextCustomizers = set[org.springframework.boot.test.autoconfigure.actuate.metrics.MetricsExportContextCustomizerFactory$DisableMetricExportContextCustomizer@34f6515b, org.springframework.boot.test.autoconfigure.properties.PropertyMappingContextCustomizer@0, org.springframework.boot.test.autoconfigure.web.servlet.WebDriverContextCustomizerFactory$Customizer@2a225dd7, org.springframework.boot.test.context.filter.ExcludeFilterContextCustomizer@616ac46a, org.springframework.boot.test.json.DuplicateJsonObjectContextCustomizerFactory$DuplicateJsonObjectContextCustomizer@6337c201, org.springframework.boot.test.mock.mockito.MockitoContextCustomizer@0, org.springframework.boot.test.web.client.TestRestTemplateContextCustomizer@4e31276e, org.springframework.boot.test.context.SpringBootTestArgs@1, org.springframework.boot.test.context.SpringBootTestWebEnvironment@68746f22], resourceBasePath = 'src/main/webapp', contextLoader = 'org.springframework.boot.test.context.SpringBootContextLoader', parent = [null]], attributes = map['org.springframework.test.context.web.ServletTestExecutionListener.activateListener' -> false, 'org.springframework.test.context.event.ApplicationEventsTestExecutionListener.recordApplicationEvents' -> false]]].

  .   ____          _            __ _ _
 /\\ / ___'_ __ _ _(_)_ __  __ _ \ \ \ \
( ( )\___ | '_ | '_| | '_ \/ _` | \ \ \ \
 \\/  ___)| |_)| | | | | || (_| |  ) ) ) )
  '  |____| .__|_| |_|_| |_\__, | / / / /
 =========|_|==============|___/=/_/_/_/
 :: Spring Boot ::                (v2.7.6)

2025-02-05 21:53:55.385  INFO 37612 --- [    Test worker] c.h.b.s.web.PostsApiControllerTest       : Starting PostsApiControllerTest using Java 17.0.14 on DESKTOP-VBB1J8N with PID 37612 (started by HAYEON in C:\IntelliJ\freelec-springboot2-webservice)
2025-02-05 21:53:55.386  INFO 37612 --- [    Test worker] c.h.b.s.web.PostsApiControllerTest       : The following 1 profile is active: "oauth"
2025-02-05 21:53:56.112  INFO 37612 --- [    Test worker] .s.d.r.c.RepositoryConfigurationDelegate : Bootstrapping Spring Data JPA repositories in DEFAULT mode.
2025-02-05 21:53:56.189  INFO 37612 --- [    Test worker] .s.d.r.c.RepositoryConfigurationDelegate : Finished Spring Data repository scanning in 67 ms. Found 2 JPA repository interfaces.
2025-02-05 21:53:57.082  INFO 37612 --- [    Test worker] o.s.b.w.embedded.tomcat.TomcatWebServer  : Tomcat initialized with port(s): 0 (http)
2025-02-05 21:53:57.095  INFO 37612 --- [    Test worker] o.apache.catalina.core.StandardService   : Starting service [Tomcat]
2025-02-05 21:53:57.095  INFO 37612 --- [    Test worker] org.apache.catalina.core.StandardEngine  : Starting Servlet engine: [Apache Tomcat/9.0.69]
2025-02-05 21:53:57.213  INFO 37612 --- [    Test worker] o.a.c.c.C.[Tomcat].[localhost].[/]       : Initializing Spring embedded WebApplicationContext
2025-02-05 21:53:57.213  INFO 37612 --- [    Test worker] w.s.c.ServletWebServerApplicationContext : Root WebApplicationContext: initialization completed in 1799 ms
2025-02-05 21:53:57.259  INFO 37612 --- [    Test worker] com.zaxxer.hikari.HikariDataSource       : HikariPool-1 - Starting...
2025-02-05 21:53:57.536  INFO 37612 --- [    Test worker] com.zaxxer.hikari.HikariDataSource       : HikariPool-1 - Start completed.
2025-02-05 21:53:57.554  INFO 37612 --- [    Test worker] o.s.b.a.h2.H2ConsoleAutoConfiguration    : H2 console available at '/h2-console'. Database available at 'jdbc:h2:mem:testdb'
2025-02-05 21:53:58.238  INFO 37612 --- [    Test worker] o.hibernate.jpa.internal.util.LogHelper  : HHH000204: Processing PersistenceUnitInfo [name: default]
2025-02-05 21:53:58.333  INFO 37612 --- [    Test worker] org.hibernate.Version                    : HHH000412: Hibernate ORM core version 5.6.14.Final
2025-02-05 21:53:58.658  INFO 37612 --- [    Test worker] o.hibernate.annotations.common.Version   : HCANN000001: Hibernate Commons Annotations {5.1.2.Final}
2025-02-05 21:53:58.817  INFO 37612 --- [    Test worker] org.hibernate.dialect.Dialect            : HHH000400: Using dialect: org.hibernate.dialect.H2Dialect
Hibernate: drop table if exists hyuser CASCADE 
Hibernate: drop table if exists posts CASCADE 
Hibernate: create table hyuser (id bigint generated by default as identity, created_date timestamp, modified_date timestamp, email varchar(255) not null, name varchar(255) not null, picture varchar(255), role varchar(255) not null, primary key (id))
Hibernate: create table posts (id bigint generated by default as identity, created_date timestamp, modified_date timestamp, author varchar(255), content TEXT not null, title varchar(500) not null, primary key (id))
2025-02-05 21:53:59.431  INFO 37612 --- [    Test worker] o.h.e.t.j.p.i.JtaPlatformInitiator       : HHH000490: Using JtaPlatform implementation: [org.hibernate.engine.transaction.jta.platform.internal.NoJtaPlatform]
2025-02-05 21:53:59.440  INFO 37612 --- [    Test worker] j.LocalContainerEntityManagerFactoryBean : Initialized JPA EntityManagerFactory for persistence unit 'default'
2025-02-05 21:54:00.398  WARN 37612 --- [    Test worker] JpaBaseConfiguration$JpaWebConfiguration : spring.jpa.open-in-view is enabled by default. Therefore, database queries may be performed during view rendering. Explicitly configure spring.jpa.open-in-view to disable this warning
2025-02-05 21:54:01.222  INFO 37612 --- [    Test worker] o.s.s.web.DefaultSecurityFilterChain     : Will secure any request with [org.springframework.security.web.session.DisableEncodeUrlFilter@4960b819, org.springframework.security.web.context.request.async.WebAsyncManagerIntegrationFilter@1e987f59, org.springframework.security.web.context.SecurityContextPersistenceFilter@682270ff, org.springframework.security.web.header.HeaderWriterFilter@30b29f55, org.springframework.security.web.authentication.logout.LogoutFilter@4c57ca10, org.springframework.security.oauth2.client.web.OAuth2AuthorizationRequestRedirectFilter@2ef63b6d, org.springframework.security.oauth2.client.web.OAuth2LoginAuthenticationFilter@fbdba1c, org.springframework.security.web.authentication.ui.DefaultLoginPageGeneratingFilter@3a1e5fa7, org.springframework.security.web.authentication.ui.DefaultLogoutPageGeneratingFilter@192aeae2, org.springframework.security.web.savedrequest.RequestCacheAwareFilter@73483d4b, org.springframework.security.web.servletapi.SecurityContextHolderAwareRequestFilter@4bdbfbc6, org.springframework.security.web.authentication.AnonymousAuthenticationFilter@4ee1c29a, org.springframework.security.web.session.SessionManagementFilter@7c9c7e7d, org.springframework.security.web.access.ExceptionTranslationFilter@202fd4c4, org.springframework.security.web.access.intercept.FilterSecurityInterceptor@ae5d544]
2025-02-05 21:54:01.669  INFO 37612 --- [    Test worker] o.s.b.a.w.s.WelcomePageHandlerMapping    : Adding welcome page template: index
2025-02-05 21:54:02.329  INFO 37612 --- [    Test worker] o.s.b.w.embedded.tomcat.TomcatWebServer  : Tomcat started on port(s): 3211 (http) with context path ''
2025-02-05 21:54:02.350  INFO 37612 --- [    Test worker] s.a.ScheduledAnnotationBeanPostProcessor : No TaskScheduler/ScheduledExecutorService bean found for scheduled processing
2025-02-05 21:54:02.371  INFO 37612 --- [    Test worker] c.h.b.s.web.PostsApiControllerTest       : Started PostsApiControllerTest in 7.307 seconds (JVM running for 8.903)
2025-02-05 21:54:02.604  INFO 37612 --- [    Test worker] o.a.c.c.C.[Tomcat].[localhost].[/]       : Initializing Spring TestDispatcherServlet ''
2025-02-05 21:54:02.604  INFO 37612 --- [    Test worker] o.s.t.web.servlet.TestDispatcherServlet  : Initializing Servlet ''
2025-02-05 21:54:02.606  INFO 37612 --- [    Test worker] o.s.t.web.servlet.TestDispatcherServlet  : Completed initialization in 2 ms
Hibernate: insert into posts (id, created_date, modified_date, author, content, title) values (default, ?, ?, ?, ?, ?)
Hibernate: select posts0_.id as id1_1_, posts0_.created_date as created_2_1_, posts0_.modified_date as modified3_1_, posts0_.author as author4_1_, posts0_.content as content5_1_, posts0_.title as title6_1_ from posts posts0_
Hibernate: select posts0_.id as id1_1_, posts0_.created_date as created_2_1_, posts0_.modified_date as modified3_1_, posts0_.author as author4_1_, posts0_.content as content5_1_, posts0_.title as title6_1_ from posts posts0_
Hibernate: delete from posts where id=?
2025-02-05 21:54:02.953  INFO 37612 --- [    Test worker] o.a.c.c.C.[Tomcat].[localhost].[/]       : Initializing Spring TestDispatcherServlet ''
2025-02-05 21:54:02.953  INFO 37612 --- [    Test worker] o.s.t.web.servlet.TestDispatcherServlet  : Initializing Servlet ''
2025-02-05 21:54:02.954  INFO 37612 --- [    Test worker] o.s.t.web.servlet.TestDispatcherServlet  : Completed initialization in 1 ms
Hibernate: insert into posts (id, created_date, modified_date, author, content, title) values (default, ?, ?, ?, ?, ?)
Hibernate: select posts0_.id as id1_1_0_, posts0_.created_date as created_2_1_0_, posts0_.modified_date as modified3_1_0_, posts0_.author as author4_1_0_, posts0_.content as content5_1_0_, posts0_.title as title6_1_0_ from posts posts0_ where posts0_.id=?
Hibernate: update posts set created_date=?, modified_date=?, author=?, content=?, title=? where id=?
Hibernate: select posts0_.id as id1_1_, posts0_.created_date as created_2_1_, posts0_.modified_date as modified3_1_, posts0_.author as author4_1_, posts0_.content as content5_1_, posts0_.title as title6_1_ from posts posts0_
Hibernate: select posts0_.id as id1_1_, posts0_.created_date as created_2_1_, posts0_.modified_date as modified3_1_, posts0_.author as author4_1_, posts0_.content as content5_1_, posts0_.title as title6_1_ from posts posts0_
Hibernate: delete from posts where id=?
]]></system-out>
  <system-err><![CDATA[]]></system-err>
</testsuite>
