<?xml version="1.0" encoding="UTF-8"?>
<testsuite name="com.hayeon.book.springboot.domain.posts.PostsRepositoryTest" tests="2" skipped="0" failures="0" errors="0" timestamp="2025-02-05T12:54:06" hostname="DESKTOP-VBB1J8N" time="0.086">
  <properties/>
  <testcase name="게시글저장_불러오기" classname="com.hayeon.book.springboot.domain.posts.PostsRepositoryTest" time="0.051"/>
  <testcase name="BaseTimeEntity_등록" classname="com.hayeon.book.springboot.domain.posts.PostsRepositoryTest" time="0.033"/>
  <system-out><![CDATA[2025-02-05 21:54:04.424  INFO 37612 --- [    Test worker] .b.t.c.SpringBootTestContextBootstrapper : Neither @ContextConfiguration nor @ContextHierarchy found for test class [com.hayeon.book.springboot.domain.posts.PostsRepositoryTest], using SpringBootContextLoader
2025-02-05 21:54:04.426  INFO 37612 --- [    Test worker] o.s.t.c.support.AbstractContextLoader    : Could not detect default resource locations for test class [com.hayeon.book.springboot.domain.posts.PostsRepositoryTest]: no resource found for suffixes {-context.xml, Context.groovy}.
2025-02-05 21:54:04.427  INFO 37612 --- [    Test worker] t.c.s.AnnotationConfigContextLoaderUtils : Could not detect default configuration classes for test class [com.hayeon.book.springboot.domain.posts.PostsRepositoryTest]: PostsRepositoryTest does not declare any static, non-private, non-final, nested classes annotated with @Configuration.
2025-02-05 21:54:04.449  INFO 37612 --- [    Test worker] .b.t.c.SpringBootTestContextBootstrapper : Found @SpringBootConfiguration com.hayeon.book.springboot.Application for test class com.hayeon.book.springboot.domain.posts.PostsRepositoryTest
2025-02-05 21:54:04.454  INFO 37612 --- [    Test worker] .b.t.c.SpringBootTestContextBootstrapper : Loaded default TestExecutionListener class names from location [META-INF/spring.factories]: [org.springframework.security.test.context.support.WithSecurityContextTestExecutionListener, org.springframework.security.test.context.support.ReactorContextTestExecutionListener, org.springframework.boot.test.autoconfigure.restdocs.RestDocsTestExecutionListener, org.springframework.boot.test.autoconfigure.web.client.MockRestServiceServerResetTestExecutionListener, org.springframework.boot.test.autoconfigure.web.servlet.MockMvcPrintOnlyOnFailureTestExecutionListener, org.springframework.boot.test.autoconfigure.web.servlet.WebDriverTestExecutionListener, org.springframework.boot.test.autoconfigure.webservices.client.MockWebServiceServerTestExecutionListener, org.springframework.boot.test.mock.mockito.MockitoTestExecutionListener, org.springframework.boot.test.mock.mockito.ResetMocksTestExecutionListener, org.springframework.test.context.web.ServletTestExecutionListener, org.springframework.test.context.support.DirtiesContextBeforeModesTestExecutionListener, org.springframework.test.context.event.ApplicationEventsTestExecutionListener, org.springframework.test.context.support.DependencyInjectionTestExecutionListener, org.springframework.test.context.support.DirtiesContextTestExecutionListener, org.springframework.test.context.transaction.TransactionalTestExecutionListener, org.springframework.test.context.jdbc.SqlScriptsTestExecutionListener, org.springframework.test.context.event.EventPublishingTestExecutionListener]
2025-02-05 21:54:04.457  INFO 37612 --- [    Test worker] .b.t.c.SpringBootTestContextBootstrapper : Using TestExecutionListeners: [org.springframework.test.context.web.ServletTestExecutionListener@372153eb, org.springframework.test.context.support.DirtiesContextBeforeModesTestExecutionListener@42e20500, org.springframework.test.context.event.ApplicationEventsTestExecutionListener@12d76643, org.springframework.boot.test.mock.mockito.MockitoTestExecutionListener@24a5ddd7, org.springframework.boot.test.autoconfigure.SpringBootDependencyInjectionTestExecutionListener@19266ca3, org.springframework.test.context.support.DirtiesContextTestExecutionListener@4b3ea082, org.springframework.test.context.transaction.TransactionalTestExecutionListener@627222d8, org.springframework.test.context.jdbc.SqlScriptsTestExecutionListener@68330024, org.springframework.security.test.context.support.WithSecurityContextTestExecutionListener@425a3af5, org.springframework.test.context.event.EventPublishingTestExecutionListener@7c5eb88c, org.springframework.security.test.context.support.ReactorContextTestExecutionListener@fc9313d, org.springframework.boot.test.autoconfigure.restdocs.RestDocsTestExecutionListener@7f0b32c0, org.springframework.boot.test.autoconfigure.web.client.MockRestServiceServerResetTestExecutionListener@6c152246, org.springframework.boot.test.autoconfigure.web.servlet.MockMvcPrintOnlyOnFailureTestExecutionListener@65067d90, org.springframework.boot.test.autoconfigure.web.servlet.WebDriverTestExecutionListener@2380e8d4, org.springframework.boot.test.autoconfigure.webservices.client.MockWebServiceServerTestExecutionListener@53b5356, org.springframework.boot.test.mock.mockito.ResetMocksTestExecutionListener@407956a5]

  .   ____          _            __ _ _
 /\\ / ___'_ __ _ _(_)_ __  __ _ \ \ \ \
( ( )\___ | '_ | '_| | '_ \/ _` | \ \ \ \
 \\/  ___)| |_)| | | | | || (_| |  ) ) ) )
  '  |____| .__|_| |_|_| |_\__, | / / / /
 =========|_|==============|___/=/_/_/_/
 :: Spring Boot ::                (v2.7.6)

2025-02-05 21:54:04.516  INFO 37612 --- [    Test worker] c.h.b.s.d.posts.PostsRepositoryTest      : Starting PostsRepositoryTest using Java 17.0.14 on DESKTOP-VBB1J8N with PID 37612 (started by HAYEON in C:\IntelliJ\freelec-springboot2-webservice)
2025-02-05 21:54:04.517  INFO 37612 --- [    Test worker] c.h.b.s.d.posts.PostsRepositoryTest      : The following 1 profile is active: "oauth"
2025-02-05 21:54:04.838  INFO 37612 --- [    Test worker] .s.d.r.c.RepositoryConfigurationDelegate : Bootstrapping Spring Data JPA repositories in DEFAULT mode.
2025-02-05 21:54:04.867  INFO 37612 --- [    Test worker] .s.d.r.c.RepositoryConfigurationDelegate : Finished Spring Data repository scanning in 27 ms. Found 2 JPA repository interfaces.
2025-02-05 21:54:05.101  INFO 37612 --- [    Test worker] com.zaxxer.hikari.HikariDataSource       : HikariPool-2 - Starting...
2025-02-05 21:54:05.105  INFO 37612 --- [    Test worker] com.zaxxer.hikari.HikariDataSource       : HikariPool-2 - Start completed.
2025-02-05 21:54:05.194  INFO 37612 --- [    Test worker] o.hibernate.jpa.internal.util.LogHelper  : HHH000204: Processing PersistenceUnitInfo [name: default]
2025-02-05 21:54:05.206  INFO 37612 --- [    Test worker] org.hibernate.dialect.Dialect            : HHH000400: Using dialect: org.hibernate.dialect.H2Dialect
Hibernate: drop table if exists hyuser CASCADE 
Hibernate: drop table if exists posts CASCADE 
Hibernate: create table hyuser (id bigint generated by default as identity, created_date timestamp, modified_date timestamp, email varchar(255) not null, name varchar(255) not null, picture varchar(255), role varchar(255) not null, primary key (id))
Hibernate: create table posts (id bigint generated by default as identity, created_date timestamp, modified_date timestamp, author varchar(255), content TEXT not null, title varchar(500) not null, primary key (id))
2025-02-05 21:54:05.276  INFO 37612 --- [    Test worker] o.h.e.t.j.p.i.JtaPlatformInitiator       : HHH000490: Using JtaPlatform implementation: [org.hibernate.engine.transaction.jta.platform.internal.NoJtaPlatform]
2025-02-05 21:54:05.276  INFO 37612 --- [    Test worker] j.LocalContainerEntityManagerFactoryBean : Initialized JPA EntityManagerFactory for persistence unit 'default'
2025-02-05 21:54:05.449  WARN 37612 --- [    Test worker] JpaBaseConfiguration$JpaWebConfiguration : spring.jpa.open-in-view is enabled by default. Therefore, database queries may be performed during view rendering. Explicitly configure spring.jpa.open-in-view to disable this warning
2025-02-05 21:54:05.733  INFO 37612 --- [    Test worker] o.s.s.web.DefaultSecurityFilterChain     : Will secure any request with [org.springframework.security.web.session.DisableEncodeUrlFilter@7d487147, org.springframework.security.web.context.request.async.WebAsyncManagerIntegrationFilter@4fa2991, org.springframework.security.web.context.SecurityContextPersistenceFilter@665902eb, org.springframework.security.web.header.HeaderWriterFilter@663d59ed, org.springframework.security.web.authentication.logout.LogoutFilter@22a9fa23, org.springframework.security.oauth2.client.web.OAuth2AuthorizationRequestRedirectFilter@7985c32f, org.springframework.security.oauth2.client.web.OAuth2LoginAuthenticationFilter@56d9ef05, org.springframework.security.web.authentication.ui.DefaultLoginPageGeneratingFilter@2cc3df02, org.springframework.security.web.authentication.ui.DefaultLogoutPageGeneratingFilter@53b10e9a, org.springframework.security.web.savedrequest.RequestCacheAwareFilter@60580e42, org.springframework.security.web.servletapi.SecurityContextHolderAwareRequestFilter@6ca6d195, org.springframework.security.web.authentication.AnonymousAuthenticationFilter@4a89722e, org.springframework.security.web.session.SessionManagementFilter@64d49e35, org.springframework.security.web.access.ExceptionTranslationFilter@63fcbf75, org.springframework.security.web.access.intercept.FilterSecurityInterceptor@1dec84e3]
2025-02-05 21:54:06.235  INFO 37612 --- [    Test worker] o.s.b.a.h2.H2ConsoleAutoConfiguration    : H2 console available at '/h2-console'. Database available at 'jdbc:h2:mem:testdb'
2025-02-05 21:54:06.252  INFO 37612 --- [    Test worker] o.s.b.a.w.s.WelcomePageHandlerMapping    : Adding welcome page template: index
2025-02-05 21:54:06.811  INFO 37612 --- [    Test worker] s.a.ScheduledAnnotationBeanPostProcessor : No TaskScheduler/ScheduledExecutorService bean found for scheduled processing
2025-02-05 21:54:06.816  INFO 37612 --- [    Test worker] c.h.b.s.d.posts.PostsRepositoryTest      : Started PostsRepositoryTest in 2.353 seconds (JVM running for 13.347)
Hibernate: insert into posts (id, created_date, modified_date, author, content, title) values (default, ?, ?, ?, ?, ?)
Hibernate: select posts0_.id as id1_1_, posts0_.created_date as created_2_1_, posts0_.modified_date as modified3_1_, posts0_.author as author4_1_, posts0_.content as content5_1_, posts0_.title as title6_1_ from posts posts0_
Hibernate: select posts0_.id as id1_1_, posts0_.created_date as created_2_1_, posts0_.modified_date as modified3_1_, posts0_.author as author4_1_, posts0_.content as content5_1_, posts0_.title as title6_1_ from posts posts0_
Hibernate: delete from posts where id=?
Hibernate: insert into posts (id, created_date, modified_date, author, content, title) values (default, ?, ?, ?, ?, ?)
Hibernate: select posts0_.id as id1_1_, posts0_.created_date as created_2_1_, posts0_.modified_date as modified3_1_, posts0_.author as author4_1_, posts0_.content as content5_1_, posts0_.title as title6_1_ from posts posts0_
>>>>>>> createDate=2025-02-05T21:54:06.884503, modifiedDate=2025-02-05T21:54:06.884503
Hibernate: select posts0_.id as id1_1_, posts0_.created_date as created_2_1_, posts0_.modified_date as modified3_1_, posts0_.author as author4_1_, posts0_.content as content5_1_, posts0_.title as title6_1_ from posts posts0_
Hibernate: delete from posts where id=?
]]></system-out>
  <system-err><![CDATA[]]></system-err>
</testsuite>
