<?xml version="1.0" encoding="UTF-8"?>
<testsuite name="com.hayeon.book.springboot.HelloControllerTest" tests="2" skipped="0" failures="0" errors="0" timestamp="2025-02-05T12:54:04" hostname="DESKTOP-VBB1J8N" time="0.177">
  <properties/>
  <testcase name="helloDto가_리턴된다" classname="com.hayeon.book.springboot.HelloControllerTest" time="0.153"/>
  <testcase name="Hello가_리턴된다" classname="com.hayeon.book.springboot.HelloControllerTest" time="0.022"/>
  <system-out><![CDATA[2025-02-05 21:54:02.985  INFO 37612 --- [    Test worker] .b.t.a.w.s.WebMvcTestContextBootstrapper : Neither @ContextConfiguration nor @ContextHierarchy found for test class [com.hayeon.book.springboot.HelloControllerTest], using SpringBootContextLoader
2025-02-05 21:54:02.986  INFO 37612 --- [    Test worker] o.s.t.c.support.AbstractContextLoader    : Could not detect default resource locations for test class [com.hayeon.book.springboot.HelloControllerTest]: no resource found for suffixes {-context.xml, Context.groovy}.
2025-02-05 21:54:02.987  INFO 37612 --- [    Test worker] t.c.s.AnnotationConfigContextLoaderUtils : Could not detect default configuration classes for test class [com.hayeon.book.springboot.HelloControllerTest]: HelloControllerTest does not declare any static, non-private, non-final, nested classes annotated with @Configuration.
2025-02-05 21:54:03.005  INFO 37612 --- [    Test worker] .b.t.c.SpringBootTestContextBootstrapper : Found @SpringBootConfiguration com.hayeon.book.springboot.Application for test class com.hayeon.book.springboot.HelloControllerTest
2025-02-05 21:54:03.006  INFO 37612 --- [    Test worker] .b.t.a.w.s.WebMvcTestContextBootstrapper : Loaded default TestExecutionListener class names from location [META-INF/spring.factories]: [org.springframework.security.test.context.support.WithSecurityContextTestExecutionListener, org.springframework.security.test.context.support.ReactorContextTestExecutionListener, org.springframework.boot.test.autoconfigure.restdocs.RestDocsTestExecutionListener, org.springframework.boot.test.autoconfigure.web.client.MockRestServiceServerResetTestExecutionListener, org.springframework.boot.test.autoconfigure.web.servlet.MockMvcPrintOnlyOnFailureTestExecutionListener, org.springframework.boot.test.autoconfigure.web.servlet.WebDriverTestExecutionListener, org.springframework.boot.test.autoconfigure.webservices.client.MockWebServiceServerTestExecutionListener, org.springframework.boot.test.mock.mockito.MockitoTestExecutionListener, org.springframework.boot.test.mock.mockito.ResetMocksTestExecutionListener, org.springframework.test.context.web.ServletTestExecutionListener, org.springframework.test.context.support.DirtiesContextBeforeModesTestExecutionListener, org.springframework.test.context.event.ApplicationEventsTestExecutionListener, org.springframework.test.context.support.DependencyInjectionTestExecutionListener, org.springframework.test.context.support.DirtiesContextTestExecutionListener, org.springframework.test.context.transaction.TransactionalTestExecutionListener, org.springframework.test.context.jdbc.SqlScriptsTestExecutionListener, org.springframework.test.context.event.EventPublishingTestExecutionListener]
2025-02-05 21:54:03.007  INFO 37612 --- [    Test worker] .b.t.a.w.s.WebMvcTestContextBootstrapper : Using TestExecutionListeners: [org.springframework.test.context.web.ServletTestExecutionListener@745c25ed, org.springframework.test.context.support.DirtiesContextBeforeModesTestExecutionListener@4fb1bffd, org.springframework.test.context.event.ApplicationEventsTestExecutionListener@427c9a13, org.springframework.boot.test.mock.mockito.MockitoTestExecutionListener@7b842e79, org.springframework.boot.test.autoconfigure.SpringBootDependencyInjectionTestExecutionListener@6e620fa9, org.springframework.test.context.support.DirtiesContextTestExecutionListener@2cee1bcf, org.springframework.test.context.transaction.TransactionalTestExecutionListener@ae4a043, org.springframework.test.context.jdbc.SqlScriptsTestExecutionListener@50c9b080, org.springframework.security.test.context.support.WithSecurityContextTestExecutionListener@2ea8f277, org.springframework.test.context.event.EventPublishingTestExecutionListener@7244b40e, org.springframework.security.test.context.support.ReactorContextTestExecutionListener@5d8de4bd, org.springframework.boot.test.autoconfigure.restdocs.RestDocsTestExecutionListener@405d123c, org.springframework.boot.test.autoconfigure.web.client.MockRestServiceServerResetTestExecutionListener@298f7b0a, org.springframework.boot.test.autoconfigure.web.servlet.MockMvcPrintOnlyOnFailureTestExecutionListener@7e3c5ef1, org.springframework.boot.test.autoconfigure.web.servlet.WebDriverTestExecutionListener@4ca6f587, org.springframework.boot.test.autoconfigure.webservices.client.MockWebServiceServerTestExecutionListener@6442c2dd, org.springframework.boot.test.mock.mockito.ResetMocksTestExecutionListener@3647b274]

  .   ____          _            __ _ _
 /\\ / ___'_ __ _ _(_)_ __  __ _ \ \ \ \
( ( )\___ | '_ | '_| | '_ \/ _` | \ \ \ \
 \\/  ___)| |_)| | | | | || (_| |  ) ) ) )
  '  |____| .__|_| |_|_| |_\__, | / / / /
 =========|_|==============|___/=/_/_/_/
 :: Spring Boot ::                (v2.7.6)

2025-02-05 21:54:03.043  INFO 37612 --- [    Test worker] c.h.book.springboot.HelloControllerTest  : Starting HelloControllerTest using Java 17.0.14 on DESKTOP-VBB1J8N with PID 37612 (started by HAYEON in C:\IntelliJ\freelec-springboot2-webservice)
2025-02-05 21:54:03.044  INFO 37612 --- [    Test worker] c.h.book.springboot.HelloControllerTest  : The following 1 profile is active: "oauth"
2025-02-05 21:54:03.501  INFO 37612 --- [    Test worker] o.s.b.a.w.s.WelcomePageHandlerMapping    : Adding welcome page template: index
2025-02-05 21:54:04.080  INFO 37612 --- [    Test worker] o.s.s.web.DefaultSecurityFilterChain     : Will secure any request with [org.springframework.security.web.session.DisableEncodeUrlFilter@1b9785aa, org.springframework.security.web.context.request.async.WebAsyncManagerIntegrationFilter@340f4723, org.springframework.security.web.context.SecurityContextPersistenceFilter@7f1581bb, org.springframework.security.web.header.HeaderWriterFilter@4f1a4d61, org.springframework.security.web.csrf.CsrfFilter@70882cb7, org.springframework.security.web.authentication.logout.LogoutFilter@563bf9d2, org.springframework.security.oauth2.client.web.OAuth2AuthorizationRequestRedirectFilter@24fcfdb, org.springframework.security.oauth2.client.web.OAuth2AuthorizationRequestRedirectFilter@4ab1ff80, org.springframework.security.oauth2.client.web.OAuth2LoginAuthenticationFilter@2eebb07, org.springframework.security.web.authentication.ui.DefaultLoginPageGeneratingFilter@367a245e, org.springframework.security.web.authentication.ui.DefaultLogoutPageGeneratingFilter@6193a9e2, org.springframework.security.web.savedrequest.RequestCacheAwareFilter@30407f28, org.springframework.security.web.servletapi.SecurityContextHolderAwareRequestFilter@2dac4d04, org.springframework.security.web.authentication.AnonymousAuthenticationFilter@347074a9, org.springframework.security.oauth2.client.web.OAuth2AuthorizationCodeGrantFilter@210e971e, org.springframework.security.web.session.SessionManagementFilter@21c7415e, org.springframework.security.web.access.ExceptionTranslationFilter@7ec63b9a, org.springframework.security.web.access.intercept.FilterSecurityInterceptor@19b7852b]
2025-02-05 21:54:04.198  INFO 37612 --- [    Test worker] o.s.b.t.m.w.SpringBootMockServletContext : Initializing Spring TestDispatcherServlet ''
2025-02-05 21:54:04.198  INFO 37612 --- [    Test worker] o.s.t.web.servlet.TestDispatcherServlet  : Initializing Servlet ''
2025-02-05 21:54:04.201  INFO 37612 --- [    Test worker] o.s.t.web.servlet.TestDispatcherServlet  : Completed initialization in 2 ms
2025-02-05 21:54:04.230  INFO 37612 --- [    Test worker] c.h.book.springboot.HelloControllerTest  : Started HelloControllerTest in 1.215 seconds (JVM running for 10.761)
]]></system-out>
  <system-err><![CDATA[]]></system-err>
</testsuite>
