<?xml version="1.0" encoding="UTF-8"?>
<testsuite name="com.hayeon.book.springboot.web.IndexControllerTest" tests="1" skipped="0" failures="0" errors="0" timestamp="2025-02-05T12:54:06" hostname="DESKTOP-VBB1J8N" time="0.222">
  <properties/>
  <testcase name="메인페이지_로딩" classname="com.hayeon.book.springboot.web.IndexControllerTest" time="0.222"/>
  <system-out><![CDATA[2025-02-05 21:54:06.925  INFO 37612 --- [    Test worker] .b.t.c.SpringBootTestContextBootstrapper : Neither @ContextConfiguration nor @ContextHierarchy found for test class [com.hayeon.book.springboot.web.IndexControllerTest], using SpringBootContextLoader
2025-02-05 21:54:06.928  INFO 37612 --- [    Test worker] o.s.t.c.support.AbstractContextLoader    : Could not detect default resource locations for test class [com.hayeon.book.springboot.web.IndexControllerTest]: no resource found for suffixes {-context.xml, Context.groovy}.
2025-02-05 21:54:06.928  INFO 37612 --- [    Test worker] t.c.s.AnnotationConfigContextLoaderUtils : Could not detect default configuration classes for test class [com.hayeon.book.springboot.web.IndexControllerTest]: IndexControllerTest does not declare any static, non-private, non-final, nested classes annotated with @Configuration.
2025-02-05 21:54:06.932  INFO 37612 --- [    Test worker] .b.t.c.SpringBootTestContextBootstrapper : Found @SpringBootConfiguration com.hayeon.book.springboot.Application for test class com.hayeon.book.springboot.web.IndexControllerTest
2025-02-05 21:54:06.934  INFO 37612 --- [    Test worker] .b.t.c.SpringBootTestContextBootstrapper : Loaded default TestExecutionListener class names from location [META-INF/spring.factories]: [org.springframework.security.test.context.support.WithSecurityContextTestExecutionListener, org.springframework.security.test.context.support.ReactorContextTestExecutionListener, org.springframework.boot.test.autoconfigure.restdocs.RestDocsTestExecutionListener, org.springframework.boot.test.autoconfigure.web.client.MockRestServiceServerResetTestExecutionListener, org.springframework.boot.test.autoconfigure.web.servlet.MockMvcPrintOnlyOnFailureTestExecutionListener, org.springframework.boot.test.autoconfigure.web.servlet.WebDriverTestExecutionListener, org.springframework.boot.test.autoconfigure.webservices.client.MockWebServiceServerTestExecutionListener, org.springframework.boot.test.mock.mockito.MockitoTestExecutionListener, org.springframework.boot.test.mock.mockito.ResetMocksTestExecutionListener, org.springframework.test.context.web.ServletTestExecutionListener, org.springframework.test.context.support.DirtiesContextBeforeModesTestExecutionListener, org.springframework.test.context.event.ApplicationEventsTestExecutionListener, org.springframework.test.context.support.DependencyInjectionTestExecutionListener, org.springframework.test.context.support.DirtiesContextTestExecutionListener, org.springframework.test.context.transaction.TransactionalTestExecutionListener, org.springframework.test.context.jdbc.SqlScriptsTestExecutionListener, org.springframework.test.context.event.EventPublishingTestExecutionListener]
2025-02-05 21:54:06.936  INFO 37612 --- [    Test worker] .b.t.c.SpringBootTestContextBootstrapper : Using TestExecutionListeners: [org.springframework.test.context.web.ServletTestExecutionListener@1abacff3, org.springframework.test.context.support.DirtiesContextBeforeModesTestExecutionListener@4a3d4cd2, org.springframework.test.context.event.ApplicationEventsTestExecutionListener@6f66ab8f, org.springframework.boot.test.mock.mockito.MockitoTestExecutionListener@2746b1cc, org.springframework.boot.test.autoconfigure.SpringBootDependencyInjectionTestExecutionListener@6bcf2780, org.springframework.test.context.support.DirtiesContextTestExecutionListener@4bb4adf7, org.springframework.test.context.transaction.TransactionalTestExecutionListener@11544ddd, org.springframework.test.context.jdbc.SqlScriptsTestExecutionListener@38e46ea, org.springframework.security.test.context.support.WithSecurityContextTestExecutionListener@116f823c, org.springframework.test.context.event.EventPublishingTestExecutionListener@7f5a5ef3, org.springframework.security.test.context.support.ReactorContextTestExecutionListener@4c53ce60, org.springframework.boot.test.autoconfigure.restdocs.RestDocsTestExecutionListener@3d1b6816, org.springframework.boot.test.autoconfigure.web.client.MockRestServiceServerResetTestExecutionListener@508863eb, org.springframework.boot.test.autoconfigure.web.servlet.MockMvcPrintOnlyOnFailureTestExecutionListener@7d8802cf, org.springframework.boot.test.autoconfigure.web.servlet.WebDriverTestExecutionListener@2f7af3d0, org.springframework.boot.test.autoconfigure.webservices.client.MockWebServiceServerTestExecutionListener@494775f1, org.springframework.boot.test.mock.mockito.ResetMocksTestExecutionListener@5ac3d009]
2025-02-05 21:54:07.083  INFO 37612 --- [o-auto-1-exec-2] o.a.c.c.C.[Tomcat].[localhost].[/]       : Initializing Spring DispatcherServlet 'dispatcherServlet'
2025-02-05 21:54:07.084  INFO 37612 --- [o-auto-1-exec-2] o.s.web.servlet.DispatcherServlet        : Initializing Servlet 'dispatcherServlet'
2025-02-05 21:54:07.085  INFO 37612 --- [o-auto-1-exec-2] o.s.web.servlet.DispatcherServlet        : Completed initialization in 1 ms
Hibernate: select posts0_.id as id1_1_, posts0_.created_date as created_2_1_, posts0_.modified_date as modified3_1_, posts0_.author as author4_1_, posts0_.content as content5_1_, posts0_.title as title6_1_ from posts posts0_ order by posts0_.id DESC
]]></system-out>
  <system-err><![CDATA[]]></system-err>
</testsuite>
